#
# A fatal error has been detected by the Java Runtime Environment:
#
#  Internal Error (javaClasses.cpp:126), pid=38536, tid=41724
#  fatal error: Invalid layout of preloaded class
#
# JRE version:  (8.0_25-b18) (build )
# Java VM: Java HotSpot(TM) 64-Bit Server VM (25.25-b02 mixed mode windows-amd64 compressed oops)
# Failed to write core dump. Minidumps are not enabled by default on client versions of Windows
#
# If you would like to submit a bug report, please visit:
#   http://bugreport.sun.com/bugreport/crash.jsp
#

---------------  T H R E A D  ---------------

Current thread (0x0000000002ad2800):  JavaThread "Unknown thread" [_thread_in_vm, id=41724, stack(0x00000000029d0000,0x0000000002ad0000)]

Stack: [0x00000000029d0000,0x0000000002ad0000]
Native frames: (J=compiled Java code, j=interpreted, Vv=VM code, C=native code)
V  [jvm.dll+0x31667a]
V  [jvm.dll+0x267073]
V  [jvm.dll+0x267cb3]
V  [jvm.dll+0x25f536]
V  [jvm.dll+0x5e773]
V  [jvm.dll+0x5e863]
V  [jvm.dll+0x731ca]
V  [jvm.dll+0x73528]
V  [jvm.dll+0xe48b7]
V  [jvm.dll+0xe4c46]
V  [jvm.dll+0x1f9ae7]
V  [jvm.dll+0x22b2e4]
V  [jvm.dll+0x14d571]
C  [javaw.exe+0x20c6]
C  [javaw.exe+0xc9eb]
C  [javaw.exe+0xca7f]
C  [KERNEL32.DLL+0x16ad]
C  [ntdll.dll+0x54409]


---------------  P R O C E S S  ---------------

Java Threads: ( => current thread )

Other Threads:

=>0x0000000002ad2800 (exited) JavaThread "Unknown thread" [_thread_in_vm, id=41724, stack(0x00000000029d0000,0x0000000002ad0000)]

VM state:not at safepoint (not fully initialized)

VM Mutex/Monitor currently owned by a thread: None

GC Heap History (0 events):
No events

Deoptimization events (0 events):
No events

Internal exceptions (0 events):
No events

Events (10 events):
Event: 0.015 loading class java/lang/CharSequence done
Event: 0.016 loading class java/lang/String done
Event: 0.016 loading class java/lang/Class
Event: 0.016 loading class java/lang/reflect/AnnotatedElement
Event: 0.016 loading class java/lang/reflect/AnnotatedElement done
Event: 0.016 loading class java/lang/reflect/GenericDeclaration
Event: 0.016 loading class java/lang/reflect/GenericDeclaration done
Event: 0.016 loading class java/lang/reflect/Type
Event: 0.016 loading class java/lang/reflect/Type done
Event: 0.017 loading class java/lang/Class done


Dynamic libraries:
0x00007ff6cc5a0000 - 0x00007ff6cc5d4000 	C:\Program Files\Java\jre1.8.0_25\bin\javaw.exe
0x00007ffa537e0000 - 0x00007ffa53986000 	C:\Windows\SYSTEM32\ntdll.dll
0x00007ffa51650000 - 0x00007ffa5178a000 	C:\Windows\system32\KERNEL32.DLL
0x00007ffa50f50000 - 0x00007ffa5105f000 	C:\Windows\system32\KERNELBASE.dll
0x00007ffa4f700000 - 0x00007ffa4f788000 	C:\Windows\system32\apphelp.dll
0x00007ffa488f0000 - 0x00007ffa4893f000 	C:\Windows\AppPatch\AppPatch64\AcGenral.DLL
0x00007ffa51240000 - 0x00007ffa512e7000 	C:\Windows\system32\msvcrt.dll
0x00007ffa508f0000 - 0x00007ffa5091b000 	C:\Windows\SYSTEM32\SspiCli.dll
0x00007ffa533c0000 - 0x00007ffa53411000 	C:\Windows\system32\SHLWAPI.dll
0x00007ffa51350000 - 0x00007ffa514c1000 	C:\Windows\system32\USER32.dll
0x00007ffa514d0000 - 0x00007ffa51648000 	C:\Windows\system32\ole32.dll
0x00007ffa51e10000 - 0x00007ffa5321f000 	C:\Windows\system32\SHELL32.dll
0x00007ffa50110000 - 0x00007ffa5012e000 	C:\Windows\SYSTEM32\USERENV.dll
0x00007ffa51930000 - 0x00007ffa519d5000 	C:\Windows\system32\ADVAPI32.dll
0x00007ffa46fe0000 - 0x00007ffa46ffb000 	C:\Windows\SYSTEM32\MPR.dll
0x00007ffa51cd0000 - 0x00007ffa51e07000 	C:\Windows\system32\RPCRT4.dll
0x00007ffa511a0000 - 0x00007ffa511f7000 	C:\Windows\SYSTEM32\sechost.dll
0x00007ffa53430000 - 0x00007ffa53606000 	C:\Windows\SYSTEM32\combase.dll
0x00007ffa517b0000 - 0x00007ffa518f4000 	C:\Windows\system32\GDI32.dll
0x00007ffa50b50000 - 0x00007ffa50b64000 	C:\Windows\SYSTEM32\profapi.dll
0x00007ffa4f0f0000 - 0x00007ffa4f18f000 	C:\Windows\SYSTEM32\SHCORE.dll
0x00007ffa51200000 - 0x00007ffa51234000 	C:\Windows\system32\IMM32.DLL
0x00007ffa51060000 - 0x00007ffa51199000 	C:\Windows\system32\MSCTF.dll
0x00007ffa50b10000 - 0x00007ffa50b3f000 	C:\Windows\system32\nvinitx.dll
0x000000000f000000 - 0x000000000f006000 	C:\Program Files\NVIDIA Corporation\CoProcManager\detoured.dll
0x00007ffa4ec60000 - 0x00007ffa4ecbf000 	C:\Program Files\NVIDIA Corporation\CoProcManager\nvd3d9wrapx.dll
0x00007ffa51a90000 - 0x00007ffa51c64000 	C:\Windows\system32\SETUPAPI.dll
0x00007ffa50c20000 - 0x00007ffa50c6a000 	C:\Windows\system32\CFGMGR32.dll
0x00007ffa4ec10000 - 0x00007ffa4ec56000 	C:\Program Files\NVIDIA Corporation\CoProcManager\nvdxgiwrapx.dll
0x00007ffa4ecc0000 - 0x00007ffa4ef1a000 	C:\Windows\WinSxS\amd64_microsoft.windows.common-controls_6595b64144ccf1df_6.0.9600.17031_none_6242a4b3ecbb55a1\COMCTL32.dll
0x00007ffa4cb20000 - 0x00007ffa4cb35000 	C:\Windows\SYSTEM32\NETAPI32.dll
0x00007ffa4fd80000 - 0x00007ffa4fd8c000 	C:\Windows\SYSTEM32\netutils.dll
0x00007ffa50720000 - 0x00007ffa50745000 	C:\Windows\SYSTEM32\srvcli.dll
0x00007ffa4cae0000 - 0x00007ffa4caf6000 	C:\Windows\SYSTEM32\wkscli.dll
0x00007ffa49320000 - 0x00007ffa49337000 	C:\Windows\SYSTEM32\SAMCLI.DLL
0x00007ffa49380000 - 0x00007ffa495c8000 	C:\Windows\SYSTEM32\WININET.dll
0x00007ffa495d0000 - 0x00007ffa49897000 	C:\Windows\SYSTEM32\iertutil.dll
0x00007ffa53780000 - 0x00007ffa537d8000 	C:\Windows\system32\WS2_32.dll
0x00007ffa51910000 - 0x00007ffa51919000 	C:\Windows\system32\NSI.dll
0x00007ffa4a880000 - 0x00007ffa4a8a9000 	C:\Windows\SYSTEM32\IPHLPAPI.DLL
0x00007ffa4a860000 - 0x00007ffa4a86a000 	C:\Windows\SYSTEM32\WINNSI.DLL
0x00007ffa316b0000 - 0x00007ffa316cf000 	C:\Windows\SYSTEM32\AVIFIL32.dll
0x00007ffa4e2d0000 - 0x00007ffa4e2ef000 	C:\Windows\SYSTEM32\WINMM.dll
0x00007ffa37e40000 - 0x00007ffa37e5b000 	C:\Windows\SYSTEM32\MSACM32.dll
0x00007ffa32550000 - 0x00007ffa32579000 	C:\Windows\SYSTEM32\MSVFW32.dll
0x00007ffa4e010000 - 0x00007ffa4e03a000 	C:\Windows\SYSTEM32\WINMMBASE.dll
0x00007ffa4f950000 - 0x00007ffa4f976000 	C:\Windows\SYSTEM32\DEVOBJ.dll
0x00007ffa536b0000 - 0x00007ffa53771000 	C:\Windows\system32\OLEAUT32.dll
0x00007ffa50cc0000 - 0x00007ffa50e9f000 	C:\Windows\system32\CRYPT32.dll
0x00007ffa50c00000 - 0x00007ffa50c12000 	C:\Windows\system32\MSASN1.dll
0x000000006be70000 - 0x000000006bf42000 	C:\Program Files\Java\jre1.8.0_25\bin\msvcr100.dll
0x000000006b610000 - 0x000000006be6a000 	C:\Program Files\Java\jre1.8.0_25\bin\server\jvm.dll
0x00007ffa37be0000 - 0x00007ffa37be9000 	C:\Windows\SYSTEM32\WSOCK32.dll
0x00007ffa51900000 - 0x00007ffa51907000 	C:\Windows\system32\PSAPI.DLL
0x000000006b600000 - 0x000000006b60f000 	C:\Program Files\Java\jre1.8.0_25\bin\verify.dll
0x000000006b5d0000 - 0x000000006b5f8000 	C:\Program Files\Java\jre1.8.0_25\bin\java.dll
0x000000006b5b0000 - 0x000000006b5c6000 	C:\Program Files\Java\jre1.8.0_25\bin\zip.dll
0x00007ffa40ad0000 - 0x00007ffa40c58000 	C:\Windows\SYSTEM32\dbghelp.dll

VM Arguments:
jvm_args: -Dfile.encoding=Cp1252 -Xbootclasspath:D:\FRMT\eclipse_android\sdk\platforms\android-20\android.jar 
java_command: org.imsglobal.main.XmlToObject
java_class_path (initial): D:\FRMT\workspace_androidprogress\QARender\bin\classes;D:\FRMT\workspace_androidprogress\QARender\libs\alt-rt.jar;D:\FRMT\workspace_androidprogress\QARender\libs\charsets.jar;D:\FRMT\workspace_androidprogress\QARender\libs\deploy.jar;D:\FRMT\workspace_androidprogress\QARender\libs\javaws.jar;D:\FRMT\workspace_androidprogress\QARender\libs\jce.jar;D:\FRMT\workspace_androidprogress\QARender\libs\jfr.jar;D:\FRMT\workspace_androidprogress\QARender\libs\jfxrt.jar;D:\FRMT\workspace_androidprogress\QARender\libs\jsse.jar;D:\FRMT\workspace_androidprogress\QARender\libs\management-agent.jar;D:\FRMT\workspace_androidprogress\QARender\libs\plugin.jar;D:\FRMT\workspace_androidprogress\QARender\libs\resources.jar;D:\FRMT\workspace_androidprogress\QARender\libs\rt.jar
Launcher Type: SUN_STANDARD

Environment Variables:
JAVA_HOME=C:\Program Files\Java\jdk1.7.0_71
PATH=C:\Program Files\Broadcom\Broadcom 802.11\Driver;;C:\ProgramData\Oracle\Java\javapath;;C:\Windows\system32;C:\Windows;C:\Windows\System32\Wbem;C:\Windows\System32\WindowsPowerShell\v1.0\;C:\apache-maven-3.2.3\bin;C:\apache-ant-1.9.4\bin;C:\Program Files (x86)\Common Files\Teleca Shared;C:\Program Files\Common Files\Teleca Shared;C:\Program Files\TortoiseSVN\bin;D:\MinGW\bin;D:\MinGW\msys\1.0\bin;D:\UNIVMT\eclipse_android\sdk\platform-tools;D:\UNIVMT\eclipse_android\sdk\tools;D:\UNIVMT\ServerSingtel-Jboss-4.2.2.GA\bin;C:\Program Files (x86)\Liquid Technologies\Liquid XML 2014\XmlDataBinder12\Redist12\cpp\win32\bin;C:\Program Files\Java\jdk1.7.0_71\bin;C:\Program Files\Java\jaxb-ri\bin;c:\Program Files\WIDCOMM\Bluetooth Software\;c:\Program Files\WIDCOMM\Bluetooth Software\syswow64;C:\Program Files (x86)\SSH Communications Security\SSH Secure Shell
USERNAME=Veeranna
OS=Windows_NT
PROCESSOR_IDENTIFIER=Intel64 Family 6 Model 58 Stepping 9, GenuineIntel



---------------  S Y S T E M  ---------------

OS: Windows 8.1 , 64 bit Build 9600 

CPU:total 4 (2 cores per cpu, 2 threads per core) family 6 model 58 stepping 9, cmov, cx8, fxsr, mmx, sse, sse2, sse3, ssse3, sse4.1, sse4.2, popcnt, avx, aes, clmul, erms, ht, tsc, tscinvbit, tscinv

Memory: 4k page, physical 8280060k(3143460k free), swap 9590780k(2859944k free)

vm_info: Java HotSpot(TM) 64-Bit Server VM (25.25-b02) for windows-amd64 JRE (1.8.0_25-b18), built on Oct  7 2014 14:25:37 by "java_re" with MS VC++ 10.0 (VS2010)

time: Tue Jan 20 03:27:07 2015
elapsed time: 0 seconds (0d 0h 0m 0s)

