#
# A fatal error has been detected by the Java Runtime Environment:
#
#  Internal Error (javaClasses.cpp:126), pid=4160, tid=2840
#  fatal error: Invalid layout of preloaded class
#
# JRE version:  (8.0_25-b18) (build )
# Java VM: Java HotSpot(TM) 64-Bit Server VM (25.25-b02 mixed mode windows-amd64 compressed oops)
# Failed to write core dump. Minidumps are not enabled by default on client versions of Windows
#
# If you would like to submit a bug report, please visit:
#   http://bugreport.sun.com/bugreport/crash.jsp
#

---------------  T H R E A D  ---------------

Current thread (0x000000000289e000):  JavaThread "Unknown thread" [_thread_in_vm, id=2840, stack(0x0000000002f50000,0x0000000003050000)]

Stack: [0x0000000002f50000,0x0000000003050000]
Native frames: (J=compiled Java code, j=interpreted, Vv=VM code, C=native code)
V  [jvm.dll+0x31667a]
V  [jvm.dll+0x267073]
V  [jvm.dll+0x267cb3]
V  [jvm.dll+0x25f536]
V  [jvm.dll+0x5e773]
V  [jvm.dll+0x5e863]
V  [jvm.dll+0x731ca]
V  [jvm.dll+0x73528]
V  [jvm.dll+0xe48b7]
V  [jvm.dll+0xe4c46]
V  [jvm.dll+0x1f9ae7]
V  [jvm.dll+0x22b2e4]
V  [jvm.dll+0x14d571]
C  [javaw.exe+0x20c6]
C  [javaw.exe+0xc9eb]
C  [javaw.exe+0xca7f]
C  [KERNEL32.DLL+0x16ad]
C  [ntdll.dll+0x54409]


---------------  P R O C E S S  ---------------

Java Threads: ( => current thread )

Other Threads:

=>0x000000000289e000 (exited) JavaThread "Unknown thread" [_thread_in_vm, id=2840, stack(0x0000000002f50000,0x0000000003050000)]

VM state:not at safepoint (not fully initialized)

VM Mutex/Monitor currently owned by a thread: None

GC Heap History (0 events):
No events

Deoptimization events (0 events):
No events

Internal exceptions (0 events):
No events

Events (10 events):
Event: 0.017 loading class java/lang/CharSequence done
Event: 0.017 loading class java/lang/String done
Event: 0.017 loading class java/lang/Class
Event: 0.017 loading class java/lang/reflect/AnnotatedElement
Event: 0.017 loading class java/lang/reflect/AnnotatedElement done
Event: 0.017 loading class java/lang/reflect/GenericDeclaration
Event: 0.017 loading class java/lang/reflect/GenericDeclaration done
Event: 0.017 loading class java/lang/reflect/Type
Event: 0.017 loading class java/lang/reflect/Type done
Event: 0.017 loading class java/lang/Class done


Dynamic libraries:
0x00007ff7e6370000 - 0x00007ff7e63a4000 	C:\Program Files\Java\jre1.8.0_25\bin\javaw.exe
0x00007ff946520000 - 0x00007ff9466c6000 	C:\Windows\SYSTEM32\ntdll.dll
0x00007ff944de0000 - 0x00007ff944f1a000 	C:\Windows\system32\KERNEL32.DLL
0x00007ff943c90000 - 0x00007ff943d9f000 	C:\Windows\system32\KERNELBASE.dll
0x00007ff942470000 - 0x00007ff9424f8000 	C:\Windows\system32\apphelp.dll
0x00007ff92d2a0000 - 0x00007ff92d2ef000 	C:\Windows\AppPatch\AppPatch64\AcGenral.DLL
0x00007ff944f20000 - 0x00007ff944fc7000 	C:\Windows\system32\msvcrt.dll
0x00007ff943630000 - 0x00007ff94365b000 	C:\Windows\SYSTEM32\SspiCli.dll
0x00007ff944a60000 - 0x00007ff944ab1000 	C:\Windows\system32\SHLWAPI.dll
0x00007ff944100000 - 0x00007ff944271000 	C:\Windows\system32\USER32.dll
0x00007ff944c60000 - 0x00007ff944dd8000 	C:\Windows\system32\ole32.dll
0x00007ff944fd0000 - 0x00007ff9463df000 	C:\Windows\system32\SHELL32.dll
0x00007ff942e50000 - 0x00007ff942e6e000 	C:\Windows\SYSTEM32\USERENV.dll
0x00007ff944870000 - 0x00007ff944915000 	C:\Windows\system32\ADVAPI32.dll
0x00007ff93a0f0000 - 0x00007ff93a10b000 	C:\Windows\SYSTEM32\MPR.dll
0x00007ff943f50000 - 0x00007ff944087000 	C:\Windows\system32\RPCRT4.dll
0x00007ff943da0000 - 0x00007ff943df7000 	C:\Windows\SYSTEM32\sechost.dll
0x00007ff9444c0000 - 0x00007ff944696000 	C:\Windows\SYSTEM32\combase.dll
0x00007ff943e00000 - 0x00007ff943f44000 	C:\Windows\system32\GDI32.dll
0x00007ff943890000 - 0x00007ff9438a4000 	C:\Windows\SYSTEM32\profapi.dll
0x00007ff941e60000 - 0x00007ff941eff000 	C:\Windows\SYSTEM32\SHCORE.dll
0x00007ff9446b0000 - 0x00007ff9446e4000 	C:\Windows\system32\IMM32.DLL
0x00007ff9463e0000 - 0x00007ff946519000 	C:\Windows\system32\MSCTF.dll
0x00007ff943850000 - 0x00007ff94387f000 	C:\Windows\system32\nvinitx.dll
0x000000000f000000 - 0x000000000f006000 	C:\Program Files\NVIDIA Corporation\CoProcManager\detoured.dll
0x00007ff9419d0000 - 0x00007ff941a2f000 	C:\Program Files\NVIDIA Corporation\CoProcManager\nvd3d9wrapx.dll
0x00007ff944280000 - 0x00007ff944454000 	C:\Windows\system32\SETUPAPI.dll
0x00007ff943960000 - 0x00007ff9439aa000 	C:\Windows\system32\CFGMGR32.dll
0x00007ff941980000 - 0x00007ff9419c6000 	C:\Program Files\NVIDIA Corporation\CoProcManager\nvdxgiwrapx.dll
0x00007ff941a30000 - 0x00007ff941c8a000 	C:\Windows\WinSxS\amd64_microsoft.windows.common-controls_6595b64144ccf1df_6.0.9600.17031_none_6242a4b3ecbb55a1\COMCTL32.dll
0x00007ff93fad0000 - 0x00007ff93fae5000 	C:\Windows\SYSTEM32\NETAPI32.dll
0x00007ff942af0000 - 0x00007ff942afc000 	C:\Windows\SYSTEM32\netutils.dll
0x00007ff943460000 - 0x00007ff943485000 	C:\Windows\SYSTEM32\srvcli.dll
0x00007ff93fa90000 - 0x00007ff93faa6000 	C:\Windows\SYSTEM32\wkscli.dll
0x00007ff93bf40000 - 0x00007ff93bf57000 	C:\Windows\SYSTEM32\SAMCLI.DLL
0x00007ff93c080000 - 0x00007ff93c2c8000 	C:\Windows\SYSTEM32\WININET.dll
0x00007ff93c2d0000 - 0x00007ff93c597000 	C:\Windows\SYSTEM32\iertutil.dll
0x00007ff944460000 - 0x00007ff9444b8000 	C:\Windows\system32\WS2_32.dll
0x00007ff9446a0000 - 0x00007ff9446a9000 	C:\Windows\system32\NSI.dll
0x00007ff93d630000 - 0x00007ff93d659000 	C:\Windows\SYSTEM32\IPHLPAPI.DLL
0x00007ff93d610000 - 0x00007ff93d61a000 	C:\Windows\SYSTEM32\WINNSI.DLL
0x00007ff92b4b0000 - 0x00007ff92b4cf000 	C:\Windows\SYSTEM32\AVIFIL32.dll
0x00007ff941040000 - 0x00007ff94105f000 	C:\Windows\SYSTEM32\WINMM.dll
0x00007ff92a0b0000 - 0x00007ff92a0cb000 	C:\Windows\SYSTEM32\MSACM32.dll
0x00007ff92b480000 - 0x00007ff92b4a9000 	C:\Windows\SYSTEM32\MSVFW32.dll
0x00007ff940d80000 - 0x00007ff940daa000 	C:\Windows\SYSTEM32\WINMMBASE.dll
0x00007ff9426c0000 - 0x00007ff9426e6000 	C:\Windows\SYSTEM32\DEVOBJ.dll
0x00007ff9446f0000 - 0x00007ff9447b1000 	C:\Windows\system32\OLEAUT32.dll
0x00007ff943a00000 - 0x00007ff943bdf000 	C:\Windows\system32\CRYPT32.dll
0x00007ff943940000 - 0x00007ff943952000 	C:\Windows\system32\MSASN1.dll
0x0000000057860000 - 0x0000000057932000 	C:\Program Files\Java\jre1.8.0_25\bin\msvcr100.dll
0x0000000057000000 - 0x000000005785a000 	C:\Program Files\Java\jre1.8.0_25\bin\server\jvm.dll
0x00007ff92a090000 - 0x00007ff92a099000 	C:\Windows\SYSTEM32\WSOCK32.dll
0x00007ff944a20000 - 0x00007ff944a27000 	C:\Windows\system32\PSAPI.DLL
0x0000000058a80000 - 0x0000000058a8f000 	C:\Program Files\Java\jre1.8.0_25\bin\verify.dll
0x0000000058640000 - 0x0000000058668000 	C:\Program Files\Java\jre1.8.0_25\bin\java.dll
0x0000000056fe0000 - 0x0000000056ff6000 	C:\Program Files\Java\jre1.8.0_25\bin\zip.dll
0x00007ff938320000 - 0x00007ff9384a8000 	C:\Windows\SYSTEM32\dbghelp.dll

VM Arguments:
jvm_args: -Dfile.encoding=Cp1252 -Xbootclasspath:D:\FRMT\eclipse_android\sdk\platforms\android-20\android.jar 
java_command: org.imsglobal.main.XmlToObject
java_class_path (initial): D:\FRMT\workspace_androidprogress\QARender\bin\classes;D:\FRMT\workspace_androidprogress\QARender\libs\alt-rt.jar;D:\FRMT\workspace_androidprogress\QARender\libs\charsets.jar;D:\FRMT\workspace_androidprogress\QARender\libs\deploy.jar;D:\FRMT\workspace_androidprogress\QARender\libs\javaws.jar;D:\FRMT\workspace_androidprogress\QARender\libs\jce.jar;D:\FRMT\workspace_androidprogress\QARender\libs\jfr.jar;D:\FRMT\workspace_androidprogress\QARender\libs\jfxrt.jar;D:\FRMT\workspace_androidprogress\QARender\libs\jsse.jar;D:\FRMT\workspace_androidprogress\QARender\libs\management-agent.jar;D:\FRMT\workspace_androidprogress\QARender\libs\plugin.jar;D:\FRMT\workspace_androidprogress\QARender\libs\resources.jar;D:\FRMT\workspace_androidprogress\QARender\libs\rt.jar
Launcher Type: SUN_STANDARD

Environment Variables:
JAVA_HOME=C:\Program Files\Java\jdk1.7.0_71
USERNAME=Veeranna
OS=Windows_NT
PROCESSOR_IDENTIFIER=Intel64 Family 6 Model 58 Stepping 9, GenuineIntel



---------------  S Y S T E M  ---------------

OS: Windows 8.1 , 64 bit Build 9600 

CPU:total 4 (2 cores per cpu, 2 threads per core) family 6 model 58 stepping 9, cmov, cx8, fxsr, mmx, sse, sse2, sse3, ssse3, sse4.1, sse4.2, popcnt, avx, aes, clmul, erms, ht, tsc, tscinvbit, tscinv

Memory: 4k page, physical 8280060k(5195396k free), swap 9590780k(5629704k free)

vm_info: Java HotSpot(TM) 64-Bit Server VM (25.25-b02) for windows-amd64 JRE (1.8.0_25-b18), built on Oct  7 2014 14:25:37 by "java_re" with MS VC++ 10.0 (VS2010)

time: Tue Jan 20 17:56:41 2015
elapsed time: 0 seconds (0d 0h 0m 0s)

